2024-11-24 19:21:49,463 - app_logger - INFO - df loaded successfully from C:/Users/USER/Desktop/Qufzah/task 4/ETL/Data/tested.csv
2024-11-25 15:53:43,197 - app_logger - INFO - df loaded successfully from C:/Users/USER/Desktop/Qufzah/task 4/ETL/Data/Walmart.csv
2024-11-25 17:26:06,505 - app_logger - INFO - df loaded successfully from C:/Users/USER/Desktop/Qufzah/task 4/ETL/Data/Walmart.csv
2024-11-25 17:26:06,535 - app_logger - ERROR - The given df is not  a data frame
2024-11-25 17:27:05,124 - app_logger - INFO - df loaded successfully from C:/Users/USER/Desktop/Qufzah/task 4/ETL/Data/Walmart.csv
2024-11-25 17:28:12,153 - app_logger - INFO - df loaded successfully from C:/Users/USER/Desktop/Qufzah/task 4/ETL/Data/Walmart.csv
2024-11-25 17:29:26,951 - app_logger - INFO - df loaded successfully from C:/Users/USER/Desktop/Qufzah/task 4/ETL/Data/Walmart.csv
2024-11-25 17:29:33,949 - app_logger - INFO - df loaded successfully from C:/Users/USER/Desktop/Qufzah/task 4/ETL/Data/Walmart.csv
2024-11-25 17:31:15,340 - app_logger - INFO - df loaded successfully from C:/Users/USER/Desktop/Qufzah/task 4/ETL/Data/Walmart.csv
2024-11-25 17:31:46,001 - app_logger - INFO - df loaded successfully from C:/Users/USER/Desktop/Qufzah/task 4/ETL/Data/Walmart.csv
2024-11-25 17:31:46,031 - app_logger - INFO - DF is transformed successfully.
2024-11-25 18:01:18,873 - app_logger - INFO - df loaded successfully from C:/Users/USER/Desktop/Qufzah/task 4/ETL/Data/Walmart.csv
2024-11-25 18:01:18,900 - app_logger - INFO - DF is transformed successfully.
2024-11-25 18:01:54,994 - app_logger - INFO - df loaded successfully from C:/Users/USER/Desktop/Qufzah/task 4/ETL/Data/Walmart.csv
2024-11-25 18:01:55,056 - app_logger - INFO - DF is transformed successfully.
2024-11-25 18:03:02,909 - app_logger - INFO - df loaded successfully from C:/Users/USER/Desktop/Qufzah/task 4/ETL/Data/Walmart.csv
2024-11-25 18:03:02,940 - app_logger - INFO - DF is transformed successfully.
2024-11-25 18:03:53,981 - app_logger - INFO - df loaded successfully from C:/Users/USER/Desktop/Qufzah/task 4/ETL/Data/Walmart.csv
2024-11-25 18:03:54,009 - app_logger - INFO - DF is transformed successfully.
2024-11-25 18:04:23,918 - app_logger - INFO - df loaded successfully from C:/Users/USER/Desktop/Qufzah/task 4/ETL/Data/Walmart.csv
2024-11-25 18:04:23,946 - app_logger - INFO - DF is transformed successfully.
2024-11-25 18:04:24,020 - app_logger - INFO - Load config.yml successfuly
2024-11-25 18:04:28,883 - app_logger - INFO - Data loaded successfully!
2024-11-25 18:27:40,853 - app_logger - INFO - df loaded successfully from C:/Users/USER/Desktop/Qufzah/task 4/ETL/Data/Walmart.csv
2024-11-25 18:27:40,888 - app_logger - INFO - DF is transformed successfully.
2024-11-25 18:27:40,984 - app_logger - INFO - Load config.yml successfuly
2024-11-25 18:27:46,849 - app_logger - INFO - Data loaded successfully!
2024-11-25 18:28:03,203 - app_logger - INFO - df loaded successfully from C:/Users/USER/Desktop/Qufzah/task 4/ETL/Data/Walmart.csv
2024-11-25 18:28:03,250 - app_logger - INFO - DF is transformed successfully.
2024-11-25 18:28:03,358 - app_logger - INFO - Load config.yml successfuly
2024-11-25 18:28:08,599 - app_logger - INFO - Data loaded successfully!
2024-11-25 18:28:08,603 - app_logger - INFO - config.yaml loaded successfully for query runner
2024-11-25 18:37:28,838 - app_logger - INFO - df loaded successfully from C:/Users/USER/Desktop/Qufzah/task 4/ETL/Data/Walmart.csv
2024-11-25 18:37:28,872 - app_logger - INFO - DF is transformed successfully.
2024-11-25 18:37:28,943 - app_logger - INFO - Load config.yml successfuly
2024-11-25 18:37:33,896 - app_logger - INFO - Data loaded successfully!
2024-11-25 18:37:33,900 - app_logger - INFO - config.yaml loaded successfully for query runner
2024-11-25 18:37:34,019 - app_logger - INFO - Error executing query: syntax error at or near "TABLE"
LINE 1: CREATE OR REPLACE TABLE `data-with-darshil.uber_data_enginee...
                          ^

2024-11-25 18:38:56,109 - app_logger - INFO - df loaded successfully from C:/Users/USER/Desktop/Qufzah/task 4/ETL/Data/Walmart.csv
2024-11-25 18:38:56,166 - app_logger - INFO - DF is transformed successfully.
2024-11-25 18:38:56,268 - app_logger - INFO - Load config.yml successfuly
2024-11-25 18:39:01,282 - app_logger - INFO - Data loaded successfully!
2024-11-25 18:39:01,286 - app_logger - INFO - config.yaml loaded successfully for query runner
2024-11-25 18:39:01,390 - app_logger - INFO - Error executing query: syntax error at or near "TABLE"
LINE 1: CREATE OR REPLACE TABLE `tbl_analytics`(        SELECT      ...
                          ^

2024-11-25 18:41:34,125 - app_logger - INFO - df loaded successfully from C:/Users/USER/Desktop/Qufzah/task 4/ETL/Data/Walmart.csv
2024-11-25 18:41:34,161 - app_logger - INFO - DF is transformed successfully.
2024-11-25 18:41:34,238 - app_logger - INFO - Load config.yml successfuly
2024-11-25 18:41:39,260 - app_logger - INFO - Data loaded successfully!
2024-11-25 18:41:39,264 - app_logger - INFO - config.yaml loaded successfully for query runner
2024-11-25 18:41:39,365 - app_logger - INFO - Error executing query: column f.datetime does not exist
LINE 7:             f.datetime,
                    ^
HINT:  Perhaps you meant to reference the column "d.datetime".

2024-11-25 18:45:39,507 - app_logger - INFO - df loaded successfully from C:/Users/USER/Desktop/Qufzah/task 4/ETL/Data/Walmart.csv
2024-11-25 18:45:39,554 - app_logger - INFO - DF is transformed successfully.
2024-11-25 18:45:39,677 - app_logger - INFO - Load config.yml successfuly
2024-11-25 18:45:44,740 - app_logger - INFO - Data loaded successfully!
2024-11-25 18:45:44,744 - app_logger - INFO - config.yaml loaded successfully for query runner
2024-11-25 18:45:44,861 - app_logger - INFO - Error executing query: column d.temperature does not exist
LINE 10:             d.temperature,
                     ^
HINT:  Perhaps you meant to reference the column "f.temperature".

2024-11-25 18:46:04,146 - app_logger - INFO - df loaded successfully from C:/Users/USER/Desktop/Qufzah/task 4/ETL/Data/Walmart.csv
2024-11-25 18:46:04,181 - app_logger - INFO - DF is transformed successfully.
2024-11-25 18:46:04,252 - app_logger - INFO - Load config.yml successfuly
2024-11-25 18:46:09,327 - app_logger - INFO - Data loaded successfully!
2024-11-25 18:46:09,331 - app_logger - INFO - config.yaml loaded successfully for query runner
2024-11-25 18:46:23,206 - app_logger - INFO - Query executed successfully!
2024-11-25 18:54:49,337 - app_logger - INFO - df loaded successfully from C:/Users/USER/Desktop/Qufzah/task 4/ETL/Data/Walmart.csv
2024-11-25 18:54:49,378 - app_logger - INFO - DF is transformed successfully.
2024-11-25 18:54:49,412 - app_logger - INFO - Load config.yml successfuly
2024-11-25 18:54:51,278 - app_logger - INFO - Data loaded successfully!
2024-11-25 18:54:51,281 - app_logger - INFO - config.yaml loaded successfully for query runner
2024-11-25 18:55:04,711 - app_logger - INFO - Query executed successfully!
2024-11-25 18:59:07,986 - app_logger - INFO - df loaded successfully from C:/Users/USER/Desktop/Qufzah/task 4/ETL/Data/Walmart.csv
2024-11-25 18:59:08,078 - app_logger - INFO - DF is transformed successfully.
2024-11-25 18:59:08,169 - app_logger - INFO - Load config.yml successfuly
2024-11-25 18:59:11,111 - app_logger - INFO - Data loaded successfully!
2024-11-25 18:59:11,115 - app_logger - INFO - config.yaml loaded successfully for query runner
2024-11-25 18:59:12,536 - app_logger - INFO - Query executed successfully!
2024-11-25 19:04:19,999 - app_logger - INFO - df loaded successfully from C:/Users/USER/Desktop/Qufzah/task 4/ETL/Data/Walmart.csv
2024-11-25 19:04:20,035 - app_logger - INFO - DF is transformed successfully.
2024-11-25 19:04:20,073 - app_logger - INFO - Load config.yml successfuly
2024-11-25 19:04:22,386 - app_logger - INFO - Data loaded successfully!
2024-11-25 19:04:22,399 - app_logger - INFO - config.yaml loaded successfully for query runner
2024-11-25 19:04:22,573 - app_logger - INFO - Query executed successfully!
2024-11-25 19:07:00,878 - app_logger - INFO - df loaded successfully from C:/Users/USER/Desktop/Qufzah/task 4/ETL/Data/Walmart.csv
2024-11-25 19:07:00,912 - app_logger - INFO - DF is transformed successfully.
2024-11-25 19:07:00,984 - app_logger - INFO - Load config.yml successfuly
2024-11-25 19:07:06,116 - app_logger - INFO - Data loaded successfully!
2024-11-25 19:07:06,119 - app_logger - INFO - config.yaml loaded successfully for query runner
2024-11-25 19:07:06,400 - app_logger - INFO - Query executed successfully!
2024-11-26 20:05:39,611 - app_logger - ERROR - The file does not exist: C:\Users\USER\Desktop\Qufzah\task 4\ETL\src/Data/Walmart.csv
2024-11-26 20:06:37,716 - app_logger - INFO - df loaded successfully from ../../Data/Walmart.csv
2024-11-26 20:06:37,766 - app_logger - INFO - DF is transformed successfully.
2024-11-26 20:06:37,847 - app_logger - INFO - Load config.yml successfuly
2024-11-26 20:06:43,243 - app_logger - INFO - Data loaded successfully!
2024-11-26 20:06:43,246 - app_logger - INFO - config.yaml loaded successfully for query runner
2024-11-26 20:06:43,582 - app_logger - INFO - Query executed successfully!
